<?xml version="1.0" encoding="UTF-8"?>
<testng-results ignored="0" total="2" passed="2" failed="0" skipped="0">
  <reporter-output>
  </reporter-output>
  <suite started-at="2022-07-14T13:46:49 IST" name="Default suite" finished-at="2022-07-14T13:46:49 IST" duration-ms="37">
    <groups>
    </groups>
    <test started-at="2022-07-14T13:46:49 IST" name="Default test" finished-at="2022-07-14T13:46:49 IST" duration-ms="37">
      <class name="Gha.NewTest09">
        <test-method signature="f1()[pri:1, instance:Gha.NewTest09@7c469c48]" started-at="2022-07-14T13:46:49 IST" name="f1" finished-at="2022-07-14T13:46:49 IST" duration-ms="9" status="PASS">
          <reporter-output>
          </reporter-output>
        </test-method> <!-- f1 -->
        <test-method signature="f()[pri:2, instance:Gha.NewTest09@7c469c48]" started-at="2022-07-14T13:46:49 IST" name="f" finished-at="2022-07-14T13:46:49 IST" duration-ms="1" status="PASS">
          <reporter-output>
          </reporter-output>
        </test-method> <!-- f -->
      </class> <!-- Gha.NewTest09 -->
    </test> <!-- Default test -->
  </suite> <!-- Default suite -->
</testng-results>
