<?xml version="1.0" encoding="UTF-8"?>
<testng-results ignored="0" total="3" passed="3" failed="0" skipped="0">
  <reporter-output>
  </reporter-output>
  <suite started-at="2022-07-02T20:10:32 IST" name="Default suite" finished-at="2022-07-02T20:10:32 IST" duration-ms="47">
    <groups>
    </groups>
    <test started-at="2022-07-02T20:10:32 IST" name="Default test" finished-at="2022-07-02T20:10:32 IST" duration-ms="47">
      <class name="mypcck.Mnb">
        <test-method signature="f3()[pri:1, instance:mypcck.Mnb@5dd6264]" started-at="2022-07-02T20:10:32 IST" name="f3" finished-at="2022-07-02T20:10:32 IST" duration-ms="10" status="PASS">
          <reporter-output>
          </reporter-output>
        </test-method> <!-- f3 -->
        <test-method signature="f2()[pri:2, instance:mypcck.Mnb@5dd6264]" started-at="2022-07-02T20:10:32 IST" name="f2" finished-at="2022-07-02T20:10:32 IST" duration-ms="1" status="PASS">
          <reporter-output>
          </reporter-output>
        </test-method> <!-- f2 -->
        <test-method signature="f1()[pri:3, instance:mypcck.Mnb@5dd6264]" started-at="2022-07-02T20:10:32 IST" name="f1" finished-at="2022-07-02T20:10:32 IST" duration-ms="1" status="PASS">
          <reporter-output>
          </reporter-output>
        </test-method> <!-- f1 -->
      </class> <!-- mypcck.Mnb -->
    </test> <!-- Default test -->
  </suite> <!-- Default suite -->
</testng-results>
