<?xml version="1.0" encoding="UTF-8"?>
<testng-results ignored="0" total="3" passed="3" failed="0" skipped="0">
  <reporter-output>
  </reporter-output>
  <suite started-at="2024-11-08T10:44:43 IST" name="Suite" finished-at="2024-11-08T10:45:59 IST" duration-ms="76423">
    <groups>
    </groups>
    <test started-at="2024-11-08T10:44:43 IST" name="Test" finished-at="2024-11-08T10:45:59 IST" duration-ms="76423">
      <class name="TestCases.Amazon0145">
        <test-method is-config="true" signature="intialization()[pri:0, instance:TestCases.Amazon0145@7e0b85f9]" started-at="2024-11-08T10:44:43 IST" name="intialization" finished-at="2024-11-08T10:45:12 IST" duration-ms="29564" status="PASS">
          <reporter-output>
          </reporter-output>
        </test-method> <!-- intialization -->
        <test-method signature="tc05(java.lang.String,java.lang.String)[pri:0, instance:TestCases.Amazon0145@7e0b85f9]" started-at="2024-11-08T10:45:12 IST" name="tc05" data-provider="data" finished-at="2024-11-08T10:45:20 IST" duration-ms="7241" status="PASS">
          <params>
            <param index="0">
              <value>
                <![CDATA[margret James]]>
              </value>
            </param>
            <param index="1">
              <value>
                <![CDATA[1234]]>
              </value>
            </param>
          </params>
          <reporter-output>
          </reporter-output>
        </test-method> <!-- tc05 -->
        <test-method is-config="true" signature="intialization()[pri:0, instance:TestCases.Amazon0145@7e0b85f9]" started-at="2024-11-08T10:45:20 IST" name="intialization" finished-at="2024-11-08T10:45:30 IST" duration-ms="10273" status="PASS">
          <reporter-output>
          </reporter-output>
        </test-method> <!-- intialization -->
        <test-method signature="tc05(java.lang.String,java.lang.String)[pri:0, instance:TestCases.Amazon0145@7e0b85f9]" started-at="2024-11-08T10:45:30 IST" name="tc05" data-provider="data" finished-at="2024-11-08T10:45:37 IST" duration-ms="7172" status="PASS">
          <params>
            <param index="0">
              <value>
                <![CDATA[Farzina]]>
              </value>
            </param>
            <param index="1">
              <value>
                <![CDATA[qwerty]]>
              </value>
            </param>
          </params>
          <reporter-output>
          </reporter-output>
        </test-method> <!-- tc05 -->
        <test-method is-config="true" signature="intialization()[pri:0, instance:TestCases.Amazon0145@7e0b85f9]" started-at="2024-11-08T10:45:37 IST" name="intialization" finished-at="2024-11-08T10:45:48 IST" duration-ms="11316" status="PASS">
          <reporter-output>
          </reporter-output>
        </test-method> <!-- intialization -->
        <test-method signature="tc05(java.lang.String,java.lang.String)[pri:0, instance:TestCases.Amazon0145@7e0b85f9]" started-at="2024-11-08T10:45:48 IST" name="tc05" data-provider="data" finished-at="2024-11-08T10:45:59 IST" duration-ms="10076" status="PASS">
          <params>
            <param index="0">
              <value>
                <![CDATA[Anisha]]>
              </value>
            </param>
            <param index="1">
              <value>
                <![CDATA[asdfg]]>
              </value>
            </param>
          </params>
          <reporter-output>
          </reporter-output>
        </test-method> <!-- tc05 -->
      </class> <!-- TestCases.Amazon0145 -->
    </test> <!-- Test -->
  </suite> <!-- Suite -->
</testng-results>
